ca65 V2.18 - Ubuntu 2.18-1
Main file   : zMusic.s
Current file: zMusic.s

000000r 1               ;=====================zMUSIC=====================
000000r 1               
000000r 1               .org $BBC2
00BBC2  1               
00BBC2  1               
00BBC2  1               SAVE:
00BBC2  1  98                  TYA
00BBC3  1  48                  PHA
00BBC4  1  A5 16               LDA $0016
00BBC6  1  8D 00 0D            STA $0D00
00BBC9  1  A5 17               LDA $0017
00BBCB  1  8D 01 0D            STA $0D01
00BBCE  1  A5 18               LDA $0018
00BBD0  1  8D 02 0D            STA $0D02
00BBD3  1               
00BBD3  1  A9 00               LDA #$00
00BBD5  1  85 50               STA $50
00BBD7  1  A9 0A               LDA #$0A
00BBD9  1  85 51               STA $51
00BBDB  1  A9 03               LDA #$03
00BBDD  1  85 52               STA $52
00BBDF  1  A9 0D               LDA #$0D
00BBE1  1  85 53               STA $53
00BBE3  1  A9 E0               LDA #$E0
00BBE5  1  85 54               STA $54
00BBE7  1  A9 00               LDA #$00
00BBE9  1  85 55               STA $55
00BBEB  1  20 04 F2            JSR $F204
00BBEE  1               
00BBEE  1               
00BBEE  1  A9 00               LDA #$00
00BBF0  1  85 50               STA $50
00BBF2  1  A9 0B               LDA #$0B
00BBF4  1  85 51               STA $51
00BBF6  1  A9 E3               LDA #$E3
00BBF8  1  85 52               STA $52
00BBFA  1  A9 0D               LDA #$0D
00BBFC  1  85 53               STA $53
00BBFE  1  A9 E0               LDA #$E0
00BC00  1  85 54               STA $54
00BC02  1  A9 00               LDA #$00
00BC04  1  85 55               STA $55
00BC06  1  20 04 F2            JSR $F204
00BC09  1               
00BC09  1               
00BC09  1  A9 00               LDA #$00
00BC0B  1  85 50               STA $50
00BC0D  1  A9 0C               LDA #$0C
00BC0F  1  85 51               STA $51
00BC11  1  A9 C3               LDA #$C3
00BC13  1  85 52               STA $52
00BC15  1  A9 0E               LDA #$0E
00BC17  1  85 53               STA $53
00BC19  1  A9 E0               LDA #$E0
00BC1B  1  85 54               STA $54
00BC1D  1  A9 00               LDA #$00
00BC1F  1  85 55               STA $55
00BC21  1  20 04 F2            JSR $F204
00BC24  1               
00BC24  1  A9 00                LDA  #$00               ; Start address
00BC26  1  8D 0D 71             STA  $710D
00BC29  1  A9 0D                LDA  #$0D
00BC2B  1  8D 0E 71             STA  $710E
00BC2E  1  A9 0E                LDA  #$0E
00BC30  1  8D 0F 71             STA  $710F
00BC33  1               
00BC33  1  A9 00                LDA #$00
00BC35  1  8D 05 80             STA  $8005
00BC38  1               
00BC38  1  A9 53                LDA #'S'  ; debug
00BC3A  1  8D 20 73             STA $7320
00BC3D  1  68                   PLA
00BC3E  1  A8                   TAY
00BC3F  1  4C 79 BD             JMP GET_NOTE
00BC42  1               
00BC42  1               LOAD:
00BC42  1  A9 00                LDA  #$00               ; Start address
00BC44  1  8D 0D 71             STA  $710D
00BC47  1  A9 0D                LDA  #$0D
00BC49  1  8D 0E 71             STA  $710E
00BC4C  1  A9 0E                LDA  #$0E
00BC4E  1  8D 0F 71             STA  $710F
00BC51  1               
00BC51  1  A9 01                LDA #$01
00BC53  1  8D 05 80             STA  $8005
00BC56  1               
00BC56  1  AD 00 0D             LDA $0D00
00BC59  1  85 16                STA $0016
00BC5B  1  AD 01 0D             LDA $0D01
00BC5E  1  85 17                STA $0017
00BC60  1  AD 02 0D             LDA $0D02
00BC63  1  85 18                STA $0018
00BC65  1               
00BC65  1  A9 00               LDA #$00
00BC67  1  85 52               STA $52
00BC69  1  A9 0A               LDA #$0A
00BC6B  1  85 53               STA $53
00BC6D  1  A9 03               LDA #$03
00BC6F  1  85 50               STA $50
00BC71  1  A9 0D               LDA #$0D
00BC73  1  85 51               STA $51
00BC75  1  A9 E0               LDA #$E0
00BC77  1  85 54               STA $54
00BC79  1  A9 00               LDA #$00
00BC7B  1  85 55               STA $55
00BC7D  1  20 04 F2            JSR $F204
00BC80  1               
00BC80  1  A9 00               LDA #$00
00BC82  1  85 52               STA $52
00BC84  1  A9 0B               LDA #$0B
00BC86  1  85 53               STA $53
00BC88  1  A9 E3               LDA #$E3
00BC8A  1  85 50               STA $50
00BC8C  1  A9 0D               LDA #$0D
00BC8E  1  85 51               STA $51
00BC90  1  A9 E0               LDA #$E0
00BC92  1  85 54               STA $54
00BC94  1  A9 00               LDA #$00
00BC96  1  85 55               STA $55
00BC98  1  20 04 F2            JSR $F204
00BC9B  1               
00BC9B  1  A9 00               LDA #$00
00BC9D  1  85 52               STA $52
00BC9F  1  A9 0C               LDA #$0C
00BCA1  1  85 53               STA $53
00BCA3  1  A9 C3               LDA #$C3
00BCA5  1  85 50               STA $50
00BCA7  1  A9 0E               LDA #$0E
00BCA9  1  85 51               STA $51
00BCAB  1  A9 E0               LDA #$E0
00BCAD  1  85 54               STA $54
00BCAF  1  A9 00               LDA #$00
00BCB1  1  85 55               STA $55
00BCB3  1  20 04 F2            JSR $F204
00BCB6  1               
00BCB6  1  A9 4C               LDA #'L'  ; debug
00BCB8  1  8D 20 73            STA $7320
00BCBB  1               
00BCBB  1  4C 47 BE            JMP BACK_TO_CHANNEL_A
00BCBE  1               
00BCBE  1               
00BCBE  1               
00BCBE  1                              ;0 1 2 3 4 5 6
00BCBE  1  00 01 01 02  TUNE_PAD: .byte 0,1,1,2,3,3,4
00BCC2  1  03 03 04     
00BCC5  1               
00BCC5  1                                        ; C,  C_S, D, D_S, E, F, F_S,  G,   G_S,  A,  A_S,  B,
00BCC5  1  F1 D5 BA 44  NOTE_TABLE_C3_R00: .byte 241, 213, 186,68, 21, 232, 191, 151, 114, 79, 46, 14    ;octave 3
00BCC9  1  15 E8 BF 97  
00BCCD  1  72 4F 2E 0E  
00BCD1  1  F8 EA DD A2  NOTE_TABLE_C4_R00: .byte 248, 234, 221,162, 138, 116, 95, 75, 57, 39, 23, 7     ;octave 4
00BCD5  1  8A 74 5F 4B  
00BCD9  1  39 27 17 07  
00BCDD  1  7C 75 6E D1  NOTE_TABLE_C5_R00: .byte 124, 117, 110,209, 197, 186, 175, 165, 156, 147, 139, 131   ;octave 5
00BCE1  1  C5 BA AF A5  
00BCE5  1  9C 93 8B 83  
00BCE9  1  01 01 01 03  NOTE_TABLE_C3_R01: .byte 1, 1, 1,3, 3, 2, 2, 2, 2, 2, 2, 2
00BCED  1  03 02 02 02  
00BCF1  1  02 02 02 02  
00BCF5  1  00 00 00 01  NOTE_TABLE_C4_R01: .byte  0, 0, 0,1, 1, 1, 1, 1, 1, 1, 1, 1
00BCF9  1  01 01 01 01  
00BCFD  1  01 01 01 01  
00BD01  1  00 00 00 00  NOTE_TABLE_C5_R01: .byte   0, 0, 0, 0, 0, 0, 0, 0, 0, 0, 0, 0
00BD05  1  00 00 00 00  
00BD09  1  00 00 00 00  
00BD0D  1               
00BD0D  1               
00BD0D  1  2A 2A 20 5A  MSG_ZUTA:      .byte "** Zebra   Music **",0
00BD11  1  65 62 72 61  
00BD15  1  20 20 20 4D  
00BD21  1                                    ;123456789ABCDEFGHIJK123456789ABCDEFGHIJK
00BD21  1               
00BD21  1               KEY_IS_PRESSED     = $2F
00BD21  1               
00BD21  1               IS_WEAK = $2D
00BD21  1               IS_WEAK_2 = $2C
00BD21  1               NOTE_VECTOR_R0 = $10
00BD21  1               NOTE_VECTOR_R1 = $12
00BD21  1               CHANNEL_VOCTOR = $14
00BD21  1               
00BD21  1               VOL = $30
00BD21  1               Y_EACH_CHANNEL_BEGIN = $35
00BD21  1               
00BD21  1               
00BD21  1               
00BD21  1               A_COUNT = $16
00BD21  1               B_COUNT = $17
00BD21  1               C_COUNT = $18
00BD21  1               COUNT_VECTOR = $19
00BD21  1               
00BD21  1               REG_VECTOR = $2B
00BD21  1               
00BD21  1               Y_NOTE_TEMP = $2D
00BD21  1               Y_NOTE_TEMP_1 = $20
00BD21  1               Y_NOTE_TEMP_2 = $24
00BD21  1               SHARP = $25
00BD21  1               COUNT_TEMP = $26
00BD21  1               ASCII_PATCH = $27
00BD21  1               
00BD21  1               X_TEMP = $29
00BD21  1               
00BD21  1               A_NOTE = $0A00
00BD21  1               B_NOTE = $0B00
00BD21  1               C_NOTE = $0C00
00BD21  1               
00BD21  1               VRAM_BEGIN = $7324
00BD21  1               MSGL = $21
00BD21  1               MSGH = $22
00BD21  1               OK_CHANNEL = $23
00BD21  1               
00BD21  1  4C C2 BB     SAVE_0: JMP SAVE
00BD24  1  4C 42 BC     LOAD_0: JMP LOAD
00BD27  1               
00BD27  1  A9 FF        ZUTA:       LDA #$FF               ;clear screen
00BD29  1  8D 20 80                 STA $8020
00BD2C  1  A9 0D                    LDA #<MSG_ZUTA         ;show welcome screen
00BD2E  1  85 21                    STA MSGL
00BD30  1  A9 BD                    LDA #>MSG_ZUTA
00BD32  1  85 22                    STA MSGH
00BD34  1  20 EF BF                 JSR SHWMSG
00BD37  1               
00BD37  1  A9 0A                    LDA #$0A               ;set button states
00BD39  1  85 2D                    STA IS_WEAK
00BD3B  1  A9 FF                    LDA #$FF
00BD3D  1  85 2C                    STA IS_WEAK_2
00BD3F  1               
00BD3F  1  A9 00                    LDA #$00
00BD41  1  85 30                    STA VOL
00BD43  1  85 31                    STA VOL+1
00BD45  1  85 32                    STA VOL+2
00BD47  1               
00BD47  1               
00BD47  1  85 16                    STA A_COUNT
00BD49  1  85 17                    STA B_COUNT
00BD4B  1  85 18                    STA C_COUNT
00BD4D  1               
00BD4D  1  85 19                    STA COUNT_VECTOR
00BD4F  1  85 29                    STA X_TEMP
00BD51  1               
00BD51  1  85 25                    STA SHARP
00BD53  1               
00BD53  1               
00BD53  1  A9 D1                    LDA #<NOTE_TABLE_C4_R00
00BD55  1  85 10                    STA NOTE_VECTOR_R0
00BD57  1  A9 BC                    LDA #>NOTE_TABLE_C4_R00
00BD59  1  85 11                    STA NOTE_VECTOR_R0+1
00BD5B  1               
00BD5B  1  A9 F5                    LDA #<NOTE_TABLE_C4_R01
00BD5D  1  85 12                    STA NOTE_VECTOR_R1
00BD5F  1  A9 BC                    LDA #>NOTE_TABLE_C4_R01
00BD61  1  85 13                    STA NOTE_VECTOR_R1+1
00BD63  1               
00BD63  1  A9 00                    LDA #<A_NOTE            ;default A Channel editer
00BD65  1  85 14                    STA CHANNEL_VOCTOR
00BD67  1  A9 0A                    LDA #>A_NOTE
00BD69  1  85 15                    STA CHANNEL_VOCTOR+1
00BD6B  1               
00BD6B  1               
00BD6B  1  A9 16                    LDA #<A_COUNT
00BD6D  1  85 19                    STA COUNT_VECTOR
00BD6F  1  A9 00                    LDA #>A_COUNT
00BD71  1  85 1A                    STA COUNT_VECTOR+1
00BD73  1               
00BD73  1               
00BD73  1  A9 40                    LDA #$40
00BD75  1  85 27                    STA ASCII_PATCH
00BD77  1               
00BD77  1  A0 00                    LDY #$00
00BD79  1               
00BD79  1  AD 01 80     GET_NOTE:   LDA $8001
00BD7C  1  C9 00                    CMP #$00
00BD7E  1  F0 F9                    BEQ GET_NOTE
00BD80  1  C9 3E                    CMP #'>'
00BD82  1  F0 65                    BEQ PLAY_NOTE_0
00BD84  1  C9 5B                    CMP #'['
00BD86  1  F0 1D                    BEQ SET_CHANNEL_A
00BD88  1  C9 5D                    CMP #']'
00BD8A  1  F0 3B                    BEQ SET_CHANNEL_B
00BD8C  1  C9 5C                    CMP #$5C ;\
00BD8E  1  F0 62                    BEQ SET_CHANNEL_C
00BD90  1  C9 2C                    CMP #','
00BD92  1  F0 5B                    BEQ BS_BUTTON_0
00BD94  1  C9 3D                    CMP #'='
00BD96  1  F0 89                    BEQ SAVE_0
00BD98  1  C9 60                    CMP #'`'
00BD9A  1  F0 88                    BEQ LOAD_0
00BD9C  1               
00BD9C  1  91 14                    STA (CHANNEL_VOCTOR),Y
00BD9E  1  99 24 73                 STA VRAM_BEGIN,Y
00BDA1  1  C8                       INY
00BDA2  1  4C 79 BD                 JMP GET_NOTE
00BDA5  1               
00BDA5  1               
00BDA5  1               
00BDA5  1               SET_CHANNEL_A:
00BDA5  1               
00BDA5  1  20 14 BE                 JSR SAVE_COUNT
00BDA8  1  A9 FF        A_0:        LDA #$FF               ;clear screen
00BDAA  1  8D 20 80                 STA $8020
00BDAD  1  A9 41                    LDA #'A'
00BDAF  1  8D 10 73                 STA $7310
00BDB2  1  A9 00                    LDA #<A_NOTE
00BDB4  1  85 14                    STA CHANNEL_VOCTOR
00BDB6  1  A9 0A                    LDA #>A_NOTE
00BDB8  1  85 15                    STA CHANNEL_VOCTOR+1
00BDBA  1               
00BDBA  1               
00BDBA  1               
00BDBA  1  A9 16                    LDA #<A_COUNT
00BDBC  1  85 19                    STA COUNT_VECTOR
00BDBE  1  A9 00                    LDA #>A_COUNT
00BDC0  1  85 1A                    STA COUNT_VECTOR+1
00BDC2  1               
00BDC2  1  A0 00                    LDY #$00
00BDC4  1  4C 25 BE                 JMP LIST_NOTE
00BDC7  1               
00BDC7  1               SET_CHANNEL_B:
00BDC7  1               
00BDC7  1  20 14 BE     B_0:        JSR SAVE_COUNT
00BDCA  1  A9 FF                    LDA #$FF               ;clear screen
00BDCC  1  8D 20 80                 STA $8020
00BDCF  1  A9 42                    LDA #'B'
00BDD1  1  8D 10 73                 STA $7310
00BDD4  1  A9 00                    LDA #<B_NOTE
00BDD6  1  85 14                    STA CHANNEL_VOCTOR
00BDD8  1  A9 0B                    LDA #>B_NOTE
00BDDA  1  85 15                    STA CHANNEL_VOCTOR+1
00BDDC  1               
00BDDC  1               
00BDDC  1               
00BDDC  1  A9 17                    LDA #<B_COUNT
00BDDE  1  85 19                    STA COUNT_VECTOR
00BDE0  1  A9 00                    LDA #>B_COUNT
00BDE2  1  85 1A                    STA COUNT_VECTOR+1
00BDE4  1  A0 00                    LDY #$00
00BDE6  1  4C 25 BE                 JMP LIST_NOTE
00BDE9  1               
00BDE9  1               PLAY_NOTE_0:
00BDE9  1  20 14 BE                 JSR SAVE_COUNT
00BDEC  1  4C 55 BE                 JMP INIT_PLAY_NOTE
00BDEF  1               
00BDEF  1               BS_BUTTON_0:
00BDEF  1  4C 1A BE                 JMP BS_BUTTON
00BDF2  1               
00BDF2  1               SET_CHANNEL_C:
00BDF2  1               
00BDF2  1  20 14 BE     C_0:        JSR SAVE_COUNT
00BDF5  1  A9 FF                    LDA #$FF               ;clear screen
00BDF7  1  8D 20 80                 STA $8020
00BDFA  1  A9 43                    LDA #'C'
00BDFC  1  8D 10 73                 STA $7310
00BDFF  1  A9 00                    LDA #<C_NOTE
00BE01  1  85 14                    STA CHANNEL_VOCTOR
00BE03  1  A9 0C                    LDA #>C_NOTE
00BE05  1  85 15                    STA CHANNEL_VOCTOR+1
00BE07  1               
00BE07  1               
00BE07  1               
00BE07  1  A9 18                    LDA #<C_COUNT
00BE09  1  85 19                    STA COUNT_VECTOR
00BE0B  1  A9 00                    LDA #>C_COUNT
00BE0D  1  85 1A                    STA COUNT_VECTOR+1
00BE0F  1  A0 00                    LDY #$00
00BE11  1  4C 25 BE                 JMP LIST_NOTE
00BE14  1               
00BE14  1               SAVE_COUNT:
00BE14  1               
00BE14  1  98                      TYA
00BE15  1  A0 00                   LDY #$00
00BE17  1  91 19                   STA (COUNT_VECTOR),Y
00BE19  1  60                      RTS
00BE1A  1               
00BE1A  1               BS_BUTTON:
00BE1A  1                           ;DEX
00BE1A  1  88                       DEY
00BE1B  1  A9 20                    LDA #$20
00BE1D  1  91 14                    STA (CHANNEL_VOCTOR),Y
00BE1F  1  99 24 73                 STA VRAM_BEGIN,Y
00BE22  1                           ;DEY
00BE22  1  4C 79 BD                 JMP GET_NOTE
00BE25  1               
00BE25  1               
00BE25  1               
00BE25  1               LIST_NOTE:
00BE25  1  B1 19                    LDA (COUNT_VECTOR),Y
00BE27  1  C9 00                    CMP #$00
00BE29  1  F0 14                    BEQ RE_GET_NOTE
00BE2B  1               
00BE2B  1  85 26                    STA COUNT_TEMP
00BE2D  1  A0 00                    LDY #$00
00BE2F  1               
00BE2F  1               
00BE2F  1  B1 14        LIST_LOOP:  LDA (CHANNEL_VOCTOR),Y
00BE31  1  99 24 73                 STA VRAM_BEGIN,Y
00BE34  1  C8                       INY
00BE35  1  98                       TYA
00BE36  1  C5 26                    CMP COUNT_TEMP
00BE38  1  90 F5                    BCC LIST_LOOP
00BE3A  1               
00BE3A  1               GET_NOTE_0:
00BE3A  1  4C 79 BD                 JMP GET_NOTE
00BE3D  1               
00BE3D  1               
00BE3D  1               RE:
00BE3D  1  A4 2D                    LDY Y_NOTE_TEMP
00BE3F  1               RE_GET_NOTE:
00BE3F  1  A9 4E                    LDA #'N'  ; debug
00BE41  1  8D 1E 73                 STA $731E
00BE44  1  4C 79 BD                 JMP GET_NOTE
00BE47  1               
00BE47  1               BACK_TO_CHANNEL_A:
00BE47  1  A9 00                    LDA #$00
00BE49  1  8D 08 A0                 STA $A008
00BE4C  1  8D 09 A0                 STA $A009
00BE4F  1  8D 0A A0                 STA $A00A
00BE52  1                           ;LDY #$00
00BE52  1  4C A8 BD                 JMP A_0
00BE55  1               
00BE55  1               INIT_PLAY_NOTE:  ;STY Y_NOTE_TEMP
00BE55  1  A9 00                    LDA #$00      ; set channel A B C vol to zero
00BE57  1  8D 08 A0                 STA $A008
00BE5A  1  8D 09 A0                 STA $A009
00BE5D  1  8D 0A A0                 STA $A00A
00BE60  1  A9 38                    LDA #$38      ;disable all channel
00BE62  1  8D 07 A0                 STA $A007
00BE65  1  A9 00                    LDA #$00
00BE67  1  85 23                    STA OK_CHANNEL
00BE69  1  85 35                    STA Y_EACH_CHANNEL_BEGIN
00BE6B  1  85 36                    STA Y_EACH_CHANNEL_BEGIN+1
00BE6D  1  85 37                    STA Y_EACH_CHANNEL_BEGIN+2
00BE6F  1  85 29                    STA X_TEMP     ;AY TUNE register num
00BE71  1               
00BE71  1               
00BE71  1  A9 31                    LDA #'1'  ; debug
00BE73  1  8D 1E 73                 STA $731E
00BE76  1               
00BE76  1               
00BE76  1               GET_NEXT_CHANNEL:
00BE76  1  A0 00                    LDY #$00
00BE78  1  A2 00                    LDX #$00
00BE7A  1  A5 23                    LDA OK_CHANNEL
00BE7C  1  C9 03                    CMP #$03
00BE7E  1  F0 67                    BEQ GO_FOR_NEXT_NOTE_0    ;next note update Y_EACH_CHANNEL_BEGIN
00BE80  1               
00BE80  1               
00BE80  1               PLAY_LOOP:
00BE80  1  A9 53                    LDA #'S'  ; debug
00BE82  1  8D 1E 73                 STA $731E
00BE85  1               
00BE85  1  A6 23                    LDX OK_CHANNEL
00BE87  1  B4 35                    LDY Y_EACH_CHANNEL_BEGIN,X   ;first time play Y=0
00BE89  1               
00BE89  1               
00BE89  1               FINISH_SET_OCTAVE:
00BE89  1               
00BE89  1  B1 14                    LDA (CHANNEL_VOCTOR),Y
00BE8B  1  C9 23                    CMP #'#'
00BE8D  1  F0 6E                    BEQ SET_SHARP
00BE8F  1  C9 41                    CMP #$41 ;A-G
00BE91  1  B0 28                    BCS SET_TONE         ; next channel
00BE93  1  C9 33                    CMP #'3'
00BE95  1  F0 6E                    BEQ SET_OCTAVE_C3_0
00BE97  1  C9 34                    CMP #'4'
00BE99  1  F0 6D                    BEQ SET_OCTAVE_C4_0
00BE9B  1  C9 35                    CMP #'5'
00BE9D  1  F0 6C                    BEQ SET_OCTAVE_C5_0
00BE9F  1  C9 2D                    CMP #'-'
00BEA1  1  F0 7B                    BEQ SET_PLAY_HOLD    ; next channel
00BEA3  1  C9 2E                    CMP #'.'
00BEA5  1  F0 49                    BEQ SET_PLAY_OFF     ; next channel
00BEA7  1  C9 2F                    CMP #'/'
00BEA9  1  F0 42                    BEQ SET_NO_HOLD_0     ; next channel
00BEAB  1               
00BEAB  1  C9 20                    CMP #' '
00BEAD  1  F0 3B                    BEQ SET_NO_HOLD_PLUS_0     ; next channel
00BEAF  1  C9 40                    CMP #'@'
00BEB1  1  F0 94                    BEQ BACK_TO_CHANNEL_A     ; next channel
00BEB3  1               
00BEB3  1               
00BEB3  1  A9 45                    LDA #'E'  ; debug
00BEB5  1  8D 21 73                 STA $7321
00BEB8  1               
00BEB8  1  4C 47 BE                 JMP BACK_TO_CHANNEL_A
00BEBB  1               
00BEBB  1  48           SET_TONE:   PHA
00BEBC  1               
00BEBC  1  A6 23                    LDX OK_CHANNEL
00BEBE  1               
00BEBE  1  94 35                    STY Y_EACH_CHANNEL_BEGIN,X  ;backup the Y
00BEC0  1                                         ; A -> NOTE
00BEC0  1  A9 0F                    LDA #$0F
00BEC2  1               
00BEC2  1  95 30                    STA VOL,X            ;set correct Channel Vol
00BEC4  1  68                       PLA                  ;recover note
00BEC5  1  A6 29                    LDX X_TEMP
00BEC7  1               
00BEC7  1  38                       SEC
00BEC8  1  E9 41                    SBC #$41     ; the org TUNE
00BECA  1               
00BECA  1  A8                       TAY
00BECB  1  85 24                    STA Y_NOTE_TEMP_2
00BECD  1  B9 BE BC                 LDA TUNE_PAD,Y   ;#
00BED0  1  18                       CLC
00BED1  1  65 25                    ADC SHARP
00BED3  1  65 24                    ADC Y_NOTE_TEMP_2
00BED5  1  A8                       TAY                 ;Y - the TUNE
00BED6  1               
00BED6  1  B1 10                    LDA (NOTE_VECTOR_R0),Y ; SET AY TUNE
00BED8  1  9D 00 A0                 STA $A000,X
00BEDB  1  E8                       INX
00BEDC  1  B1 12                    LDA (NOTE_VECTOR_R1),Y
00BEDE  1  9D 00 A0                 STA $A000,X
00BEE1  1  E8                       INX
00BEE2  1  86 29                    STX X_TEMP
00BEE4  1               
00BEE4  1  4C 0E BF                 JMP NEXT_CHANNEL
00BEE7  1               
00BEE7  1  4C 47 BF     GO_FOR_NEXT_NOTE_0: JMP GO_FOR_NEXT_NOTE
00BEEA  1  4C 43 BF     SET_NO_HOLD_PLUS_0:JMP SET_NO_HOLD_PLUS
00BEED  1  4C 2A BF     SET_NO_HOLD_0:JMP SET_NO_HOLD
00BEF0  1               SET_PLAY_OFF:
00BEF0  1  E6 29                    INC X_TEMP
00BEF2  1  E6 29                    INC X_TEMP
00BEF4  1  A9 00                    LDA #$00
00BEF6  1  A6 23                    LDX OK_CHANNEL
00BEF8  1  95 30                    STA VOL,X
00BEFA  1                           ;INC OK_CHANNEL
00BEFA  1  4C 0E BF                 JMP NEXT_CHANNEL
00BEFD  1               
00BEFD  1               SET_SHARP:
00BEFD  1               
00BEFD  1  A9 01                    LDA #$01
00BEFF  1  85 25                    STA SHARP
00BF01  1  C8                       INY
00BF02  1  4C 89 BE                 JMP FINISH_SET_OCTAVE
00BF05  1               
00BF05  1  4C 66 BF     SET_OCTAVE_C3_0: JMP SET_OCTAVE_C3
00BF08  1  4C 7F BF     SET_OCTAVE_C4_0: JMP SET_OCTAVE_C4
00BF0B  1  4C 98 BF     SET_OCTAVE_C5_0: JMP SET_OCTAVE_C5
00BF0E  1               
00BF0E  1               NEXT_CHANNEL:
00BF0E  1               
00BF0E  1  A9 00                    LDA #$00
00BF10  1  85 25                    STA SHARP
00BF12  1               
00BF12  1               
00BF12  1  E6 15                    INC CHANNEL_VOCTOR+1   ;next channel 0A 0B 0C
00BF14  1  E6 23                    INC OK_CHANNEL
00BF16  1               
00BF16  1  A9 50                    LDA #'P'  ; debug
00BF18  1  8D 1E 73                 STA $731E
00BF1B  1               
00BF1B  1  4C 76 BE                 JMP GET_NEXT_CHANNEL
00BF1E  1               
00BF1E  1               
00BF1E  1               SET_PLAY_HOLD:
00BF1E  1  A9 48                    LDA #'H'   ;debug
00BF20  1  8D 15 73                 STA $7315
00BF23  1               
00BF23  1  E6 29                    INC X_TEMP
00BF25  1  E6 29                    INC X_TEMP
00BF27  1  4C 0E BF                 JMP NEXT_CHANNEL
00BF2A  1               
00BF2A  1               
00BF2A  1               SET_NO_HOLD:
00BF2A  1  A6 23                   LDX OK_CHANNEL
00BF2C  1  A9 00                   LDA #$00
00BF2E  1  95 30                   STA VOL,X
00BF30  1  A5 30                   LDA VOL
00BF32  1  8D 08 A0                 STA $A008
00BF35  1  A5 31                    LDA VOL+1
00BF37  1  8D 09 A0                 STA $A009
00BF3A  1  A5 32                    LDA VOL+2
00BF3C  1  8D 0A A0                 STA $A00A
00BF3F  1  C8                       INY
00BF40  1  4C 89 BE                 JMP FINISH_SET_OCTAVE
00BF43  1               
00BF43  1               SET_NO_HOLD_PLUS:
00BF43  1               
00BF43  1  C8                       INY
00BF44  1  4C 89 BE                 JMP FINISH_SET_OCTAVE
00BF47  1               
00BF47  1               
00BF47  1               
00BF47  1               
00BF47  1               GO_FOR_NEXT_NOTE:
00BF47  1               
00BF47  1               
00BF47  1  A9 00                      LDA #$00
00BF49  1  85 29                      STA X_TEMP
00BF4B  1               
00BF4B  1  20 B1 BF                   JSR SET_VOL
00BF4E  1               
00BF4E  1  A9 00                      LDA #00
00BF50  1  85 23                      STA OK_CHANNEL
00BF52  1               
00BF52  1  A9 0A                      LDA #$0A
00BF54  1  85 15                      STA CHANNEL_VOCTOR+1
00BF56  1               
00BF56  1               
00BF56  1  E6 35                      INC Y_EACH_CHANNEL_BEGIN
00BF58  1  E6 36                      INC Y_EACH_CHANNEL_BEGIN+1
00BF5A  1  E6 37                      INC Y_EACH_CHANNEL_BEGIN+2
00BF5C  1               
00BF5C  1               
00BF5C  1               
00BF5C  1  A9 52                      LDA #'R'  ; debug
00BF5E  1  8D 20 73                   STA $7320
00BF61  1  A0 00                      LDY #$00
00BF63  1  4C 80 BE                   JMP PLAY_LOOP
00BF66  1               
00BF66  1               
00BF66  1               
00BF66  1               
00BF66  1               
00BF66  1               
00BF66  1               SET_OCTAVE_C3:
00BF66  1               
00BF66  1  A9 33                    LDA #'3'   ;debug
00BF68  1  8D 18 73                 STA $7318
00BF6B  1               
00BF6B  1  A9 C5                    LDA #<NOTE_TABLE_C3_R00
00BF6D  1  85 10                    STA NOTE_VECTOR_R0
00BF6F  1  A9 BC                    LDA #>NOTE_TABLE_C3_R00
00BF71  1  85 11                    STA NOTE_VECTOR_R0+1
00BF73  1               
00BF73  1  A9 E9                    LDA #<NOTE_TABLE_C3_R01
00BF75  1  85 12                    STA NOTE_VECTOR_R1
00BF77  1  A9 BC                    LDA #>NOTE_TABLE_C3_R01
00BF79  1  85 13                    STA NOTE_VECTOR_R1+1
00BF7B  1               
00BF7B  1  C8                       INY
00BF7C  1               
00BF7C  1  4C 89 BE                 JMP FINISH_SET_OCTAVE
00BF7F  1               SET_OCTAVE_C4:
00BF7F  1               
00BF7F  1  A9 34                     LDA #'4'   ;debug
00BF81  1  8D 19 73                 STA $7319
00BF84  1  A9 D1                      LDA #<NOTE_TABLE_C4_R00
00BF86  1  85 10                    STA NOTE_VECTOR_R0
00BF88  1  A9 BC                    LDA #>NOTE_TABLE_C4_R00
00BF8A  1  85 11                    STA NOTE_VECTOR_R0+1
00BF8C  1               
00BF8C  1  A9 F5                    LDA #<NOTE_TABLE_C4_R01
00BF8E  1  85 12                    STA NOTE_VECTOR_R1
00BF90  1  A9 BC                    LDA #>NOTE_TABLE_C4_R01
00BF92  1  85 13                    STA NOTE_VECTOR_R1+1
00BF94  1               
00BF94  1  C8                       INY
00BF95  1               
00BF95  1  4C 89 BE                 JMP FINISH_SET_OCTAVE
00BF98  1               SET_OCTAVE_C5:
00BF98  1  A9 35                    LDA #'5'   ;debug
00BF9A  1  8D 1A 73                 STA $731A
00BF9D  1  A9 DD                    LDA #<NOTE_TABLE_C5_R00
00BF9F  1  85 10                    STA NOTE_VECTOR_R0
00BFA1  1  A9 BC                    LDA #>NOTE_TABLE_C5_R00
00BFA3  1  85 11                    STA NOTE_VECTOR_R0+1
00BFA5  1               
00BFA5  1  A9 01                    LDA #<NOTE_TABLE_C5_R01
00BFA7  1  85 12                    STA NOTE_VECTOR_R1
00BFA9  1  A9 BD                    LDA #>NOTE_TABLE_C5_R01
00BFAB  1  85 13                    STA NOTE_VECTOR_R1+1
00BFAD  1               
00BFAD  1  C8                       INY
00BFAE  1               
00BFAE  1  4C 89 BE                 JMP FINISH_SET_OCTAVE
00BFB1  1               
00BFB1  1               
00BFB1  1               
00BFB1  1               
00BFB1  1               
00BFB1  1               SET_VOL:
00BFB1  1  A5 30                    LDA VOL
00BFB3  1  8D 08 A0                 STA $A008
00BFB6  1  A5 31                    LDA VOL+1
00BFB8  1  8D 09 A0                 STA $A009
00BFBB  1  A5 32                    LDA VOL+2
00BFBD  1  8D 0A A0                 STA $A00A
00BFC0  1  A9 F8                    LDA #$F8
00BFC2  1  8D 07 A0                 STA $A007
00BFC5  1               
00BFC5  1  A9 56                    LDA #'V'
00BFC7  1  8D 11 73                 STA $7311
00BFCA  1               
00BFCA  1               
00BFCA  1               
00BFCA  1  20 D6 BF                 JSR DELAY
00BFCD  1  A9 0A                    LDA #$0A               ;set button states
00BFCF  1  85 2D                    STA IS_WEAK
00BFD1  1  A9 FF                    LDA #$FF
00BFD3  1  85 2C                    STA IS_WEAK_2
00BFD5  1               
00BFD5  1               
00BFD5  1               
00BFD5  1  60                       RTS
00BFD6  1               
00BFD6  1               
00BFD6  1               
00BFD6  1               DELAY:
00BFD6  1  A9 00               LDA #$00
00BFD8  1  C5 2D               CMP IS_WEAK
00BFDA  1  F0 12               BEQ OVER_DELAY
00BFDC  1                      ;DEC IS_WEAK
00BFDC  1               
00BFDC  1                DELAY_1:
00BFDC  1  C5 2C               CMP IS_WEAK_2
00BFDE  1  F0 05               BEQ DELAY_2
00BFE0  1  C6 2C               DEC IS_WEAK_2
00BFE2  1  4C DC BF            JMP DELAY_1
00BFE5  1               DELAY_2:
00BFE5  1  A9 FF               LDA #$FF
00BFE7  1  85 2C               STA IS_WEAK_2
00BFE9  1  C6 2D               DEC IS_WEAK
00BFEB  1  4C D6 BF            JMP DELAY
00BFEE  1               OVER_DELAY:
00BFEE  1  60                  RTS
00BFEF  1               
00BFEF  1               
00BFEF  1               
00BFEF  1               
00BFEF  1  A0 00        SHWMSG:     LDY #$0
00BFF1  1  B1 21        PRINT:      LDA (MSGL),Y
00BFF3  1  F0 06                    BEQ DONE
00BFF5  1  20 FC BF                 JSR ECHO
00BFF8  1  C8                       INY
00BFF9  1  D0 F6                    BNE PRINT
00BFFB  1  60           DONE:       RTS
00BFFC  1  8D 02 80     ECHO:       STA $8002
00BFFF  1  60                       RTS
00C000  1               
00C000  1               
